Mplus VERSION 8.2
MUTHEN & MUTHEN
04/24/2019   9:53 AM

INPUT INSTRUCTIONS

  TITLE:  Model 1: Multivariate Longitudinal Model as Multivariate MLM/SEM
  DATA:   FILE = Chapter9.csv;   ! Syntax in same folder as data
  VARIABLE:
  ! List of variables in data file
    NAMES = PersonID occasion risky age18 att4 mon3 agesq;
  ! Variables to be analyzed in this model
    USEVARIABLE = age18 agesq att4 risky mon3;
    MISSING ARE ALL (-999);   ! Missing data identifier
  ! MLM options
    CLUSTER = PersonID;       ! Level-2 ID
    BETWEEN = att4;           ! Observed ONLY level-2 predictors
    WITHIN  = age18 agesq;    ! Observed ONLY level-1 predictors

  ANALYSIS:   TYPE = TWOLEVEL RANDOM; ESTIMATOR = ML;

  MODEL:  ! R = risky behavior, M = monitoring
  %WITHIN%
   Risky Mon3 (Rresvar Mresvar);   ! L1 R: Residual variances (labels)
   Rslp  | Risky ON age18;         ! Placeholder for R linear age slope
   Rquad | Risky ON agesq;         ! Placeholder for R quadratic age slope
   Mslp  | Mon3  ON age18;         ! Placeholder for M linear age slope
   Risky WITH Mon3 (ResCov);       ! L1 R: Residual covariance

  %BETWEEN%
  [Risky Mon3];                    ! Fixed intercepts
   Risky Mon3  (Rintvar Mintvar);  ! L2 G: Random intercept variances (labels)
  [Rquad Rslp Mslp];               ! Fixed age slopes (as defined earlier)
   Rslp Mslp   (Rslpvar Mslpvar);  ! L2 G: Random linear age slope variances
   Rquad@0;                        ! No quadratic age slope variance

   Risky Rslp ON att4;             ! Att-> R int, linear age slope
   Risky WITH Rslp  (RIntSlp);     ! R Int-slope covariance (label)
   Mon3  WITH Mslp  (MIntSlp);     ! M Int-slope covariance (label)

   Risky WITH Mon3  (IntCov);      ! L2 G: Random intercept covariance
   Rslp  WITH Mslp  (SlpCov);      ! L2 G: Random linear age slope covariance
   Mon3  WITH Rslp  (Int2Slp);     ! L2 G: M int, R slope covariance
   Mslp  WITH Risky (Slp2Int);     ! L2 G: M slope, R int covariance

  MODEL CONSTRAINT:  ! Like ESTIMATE in SAS, but can refer to any parameter
  ! Need to name each new created effect -- correlations here
  NEW(ResCor IntCor SlpCor RIScor MIScor I2SCor S2ICor);
  ! Estimating correlations found in SAS RCORR and GCORR
    ResCor = ResCov  / (SQRT(Rresvar)*SQRT(Mresvar));
    IntCor = IntCov  / (SQRT(Rintvar)*SQRT(Mintvar));
    SlpCor = SlpCov  / (SQRT(Rslpvar)*SQRT(Mslpvar));
    RIScor = RIntSlp / (SQRT(Rintvar)*SQRT(Rslpvar));
    MIScor = MIntSlp / (SQRT(Mintvar)*SQRT(Mslpvar));
    I2Scor = Int2Slp / (SQRT(Mintvar)*SQRT(Rslpvar));
    S2Icor = Slp2Int / (SQRT(Mslpvar)*SQRT(Rintvar));







INPUT READING TERMINATED NORMALLY



Model 1: Multivariate Longitudinal Model as Multivariate MLM/SEM

SUMMARY OF ANALYSIS

Number of groups                                                 1
Number of observations                                        1400

Number of dependent variables                                    2
Number of independent variables                                  3
Number of continuous latent variables                            3

Observed dependent variables

  Continuous
   RISKY       MON3

Observed independent variables
   AGE18       AGESQ       ATT4

Continuous latent variables
   RSLP        RQUAD       MSLP

Variables with special functions

  Cluster variable      PERSONID

  Within variables
   AGE18       AGESQ

  Between variables
   ATT4


Estimator                                                       ML
Information matrix                                        OBSERVED
Maximum number of iterations                                   100
Convergence criterion                                    0.100D-05
Maximum number of EM iterations                                500
Convergence criteria for the EM algorithm
  Loglikelihood change                                   0.100D-02
  Relative loglikelihood change                          0.100D-05
  Derivative                                             0.100D-03
Minimum variance                                         0.100D-03
Maximum number of steepest descent iterations                   20
Maximum number of iterations for H1                           2000
Convergence criterion for H1                             0.100D-03
Optimization algorithm                                         EMA

Input data file(s)
  Chapter9.csv
Input data format  FREE


SUMMARY OF DATA

     Number of missing data patterns             1
     Number of clusters                        200



COVARIANCE COVERAGE OF DATA

Minimum covariance coverage value   0.100


     PROPORTION OF DATA PRESENT


           Covariance Coverage
              RISKY         MON3          AGE18         AGESQ         ATT4
              ________      ________      ________      ________      ________
 RISKY          1.000
 MON3           1.000         1.000
 AGE18          1.000         1.000         1.000
 AGESQ          1.000         1.000         1.000         1.000
 ATT4           1.000         1.000         1.000         1.000         1.000



UNIVARIATE SAMPLE STATISTICS


     UNIVARIATE HIGHER-ORDER MOMENT DESCRIPTIVE STATISTICS

         Variable/         Mean/     Skewness/   Minimum/ % with                Percentiles
        Sample Size      Variance    Kurtosis    Maximum  Min/Max      20%/60%    40%/80%    Median

     RISKY                19.385       0.331      10.000    1.00%      14.464     17.794     19.098
            1400.000      28.084      -0.397      36.282    0.07%      20.335     23.974
     MON3                  0.075      -0.081      -2.000    0.21%      -0.423     -0.087      0.075
            1400.000       0.415       0.369       2.000    0.21%       0.232      0.590
     AGE18                -2.999      -0.001      -6.469    0.07%      -5.022     -3.855     -2.990
            1400.000       4.014      -1.223       0.337    0.07%      -2.167     -0.948
     AGESQ                13.008       0.703       0.000    0.07%       0.898      4.691      8.938
            1400.000     157.021      -0.823      41.850    0.07%      14.806     25.151
     ATT4                 -0.049      -0.092      -1.563    0.50%      -0.532     -0.232     -0.072
             200.000       0.361      -0.473       1.000    8.00%       0.103      0.483


THE MODEL ESTIMATION TERMINATED NORMALLY



MODEL FIT INFORMATION

Number of Free Parameters                       20

Loglikelihood

          H0 Value                       -4392.253

Information Criteria

          Akaike (AIC)                    8824.506
          Bayesian (BIC)                  8929.390
          Sample-Size Adjusted BIC        8865.858
            (n* = (n + 2) / 24)



MODEL RESULTS

                                                    Two-Tailed
                    Estimate       S.E.  Est./S.E.    P-Value

Within Level

 RISKY    WITH
    MON3               0.287      0.028     10.441      0.000

 Residual Variances
    RISKY              8.352      0.374     22.351      0.000
    MON3               0.081      0.004     22.354      0.000

Between Level

 RSLP       ON
    ATT4              -0.530      0.103     -5.161      0.000

 RISKY      ON
    ATT4              -3.333      0.514     -6.491      0.000

 RISKY    WITH
    RSLP               1.879      0.356      5.272      0.000
    MSLP               0.041      0.039      1.049      0.294

 MON3     WITH
    MSLP               0.000      0.004     -0.118      0.906
    RSLP              -0.106      0.031     -3.445      0.001

 RSLP     WITH
    MSLP              -0.018      0.007     -2.475      0.013

 RISKY    WITH
    MON3              -0.855      0.168     -5.076      0.000

 Means
    MON3               0.065      0.034      1.907      0.057
    RQUAD              0.147      0.021      7.117      0.000
    MSLP              -0.003      0.008     -0.402      0.688

 Intercepts
    RISKY             23.314      0.348     67.062      0.000
    RSLP               1.974      0.138     14.255      0.000

 Variances
    MON3               0.195      0.023      8.376      0.000
    RQUAD              0.000      0.000    999.000    999.000
    MSLP               0.010      0.001      7.803      0.000

 Residual Variances
    RISKY             18.060      2.204      8.195      0.000
    RSLP               0.485      0.080      6.071      0.000

New/Additional Parameters
    RESCOR             0.350      0.028     12.607      0.000
    INTCOR            -0.455      0.074     -6.124      0.000
    SLPCOR            -0.255      0.103     -2.480      0.013
    RISCOR             0.635      0.057     11.087      0.000
    MISCOR            -0.010      0.089     -0.117      0.906
    I2SCOR            -0.346      0.095     -3.642      0.000
    S2ICOR             0.094      0.087      1.071      0.284


QUALITY OF NUMERICAL RESULTS

     Condition Number for the Information Matrix              0.140E-05
       (ratio of smallest to largest eigenvalue)


DIAGRAM INFORMATION

  Mplus diagrams are currently not available for multilevel analysis.
  No diagram output was produced.


     Beginning Time:  09:53:40
        Ending Time:  09:53:40
       Elapsed Time:  00:00:00



MUTHEN & MUTHEN
3463 Stoner Ave.
Los Angeles, CA  90066

Tel: (310) 391-9971
Fax: (310) 391-8971
Web: www.StatModel.com
Support: Support@StatModel.com

Copyright (c) 1998-2018 Muthen & Muthen
